<?xml version="1.0" encoding="utf-8"?><testsuites name="pytest tests"><testsuite name="pytest" errors="0" failures="0" skipped="0" tests="17" time="4.701" timestamp="2026-03-07T05:09:50.374029+00:00" hostname="agent-env-e696259a-b872-4bef-8c75-25039af918f6"><testcase classname="tests.test_backend_apis.TestHealthCheck" name="test_health_endpoint" time="0.206" /><testcase classname="tests.test_backend_apis.TestAdminAuth" name="test_admin_login_success" time="0.142" /><testcase classname="tests.test_backend_apis.TestAdminAuth" name="test_admin_login_invalid_credentials" time="0.141" /><testcase classname="tests.test_backend_apis.TestChatSessions" name="test_create_session_success" time="0.130" /><testcase classname="tests.test_backend_apis.TestChatSessions" name="test_create_session_missing_required_fields" time="0.152" /><testcase classname="tests.test_backend_apis.TestChatSessions" name="test_get_session_by_id" time="0.160" /><testcase classname="tests.test_backend_apis.TestChatSessions" name="test_list_sessions_requires_auth" time="0.176" /><testcase classname="tests.test_backend_apis.TestChatFlow" name="test_start_chat_get_root_question" time="0.157" /><testcase classname="tests.test_backend_apis.TestChatFlow" name="test_select_free_option" time="0.239" /><testcase classname="tests.test_backend_apis.TestChatFlow" name="test_get_chat_messages" time="0.199" /><testcase classname="tests.test_backend_apis.TestQuestionsCRUD" name="test_list_questions_requires_auth" time="0.194" /><testcase classname="tests.test_backend_apis.TestQuestionsCRUD" name="test_create_and_verify_question" time="0.225" /><testcase classname="tests.test_backend_apis.TestQuestionsCRUD" name="test_update_question" time="0.287" /><testcase classname="tests.test_backend_apis.TestQuestionsCRUD" name="test_delete_question" time="0.266" /><testcase classname="tests.test_backend_apis.TestAdminStats" name="test_get_admin_stats" time="0.149" /><testcase classname="tests.test_backend_apis.TestPaymentIntegration" name="test_razorpay_order_creation" time="0.913" /><testcase classname="tests.test_backend_apis.TestPaymentIntegration" name="test_cashfree_order_creation" time="0.919" /></testsuite></testsuites>